<?xml version="1.0" encoding="UTF-8"?>
<testng-results skipped="0" failed="0" ignored="0" total="2" passed="2">
  <reporter-output>
  </reporter-output>
  <suite name="Default suite" duration-ms="2038" started-at="2020-03-22T21:42:24 EDT" finished-at="2020-03-22T21:42:26 EDT">
    <groups>
    </groups>
    <test name="Default test" duration-ms="2038" started-at="2020-03-22T21:42:24 EDT" finished-at="2020-03-22T21:42:26 EDT">
      <class name="RestAssureBcamp.RestAssure">
        <test-method status="PASS" signature="f()[pri:0, instance:RestAssureBcamp.RestAssure@1f554b06]" name="f" duration-ms="1650" started-at="2020-03-22T21:42:24 EDT" finished-at="2020-03-22T21:42:26 EDT">
          <reporter-output>
          </reporter-output>
        </test-method> <!-- f -->
        <test-method status="PASS" signature="post()[pri:0, instance:RestAssureBcamp.RestAssure@1f554b06]" name="post" duration-ms="348" started-at="2020-03-22T21:42:26 EDT" finished-at="2020-03-22T21:42:26 EDT">
          <reporter-output>
          </reporter-output>
        </test-method> <!-- post -->
        <test-method status="PASS" signature="afterClass()[pri:0, instance:RestAssureBcamp.RestAssure@1f554b06]" name="afterClass" is-config="true" duration-ms="1" started-at="2020-03-22T21:42:26 EDT" finished-at="2020-03-22T21:42:26 EDT">
          <reporter-output>
          </reporter-output>
        </test-method> <!-- afterClass -->
      </class> <!-- RestAssureBcamp.RestAssure -->
    </test> <!-- Default test -->
  </suite> <!-- Default suite -->
</testng-results>
